INFO -- ::1 -- 2019-11-13T20:35:20+01:00 -- Enter Hybrid_Auth::initialize()
INFO -- ::1 -- 2019-11-13T20:35:20+01:00 -- Hybrid_Auth::initialize(). PHP version: 7.3.10
INFO -- ::1 -- 2019-11-13T20:35:20+01:00 -- Hybrid_Auth::initialize(). Hybrid_Auth version: 2.4.0-dev
INFO -- ::1 -- 2019-11-13T20:35:20+01:00 -- Hybrid_Auth::initialize(). Hybrid_Auth called from: http://localhost/blog/Source/hAuth
INFO -- ::1 -- 2019-11-13T20:35:20+01:00 -- PHP session.name diff from default PHPSESSID. http://php.net/manual/en/session.configuration.php#ini.session.name.
DEBUG -- ::1 -- 2019-11-13T20:35:20+01:00 -- Hybrid_Auth initialize. dump used config:  -- a:8:{s:8:"base_url";s:53:"http://localhost/blog/Source/index.php/hauth/endpoint";s:9:"providers";a:10:{s:6:"OpenID";a:1:{s:7:"enabled";b:1;}s:5:"Yahoo";a:2:{s:7:"enabled";b:1;s:4:"keys";a:2:{s:2:"id";s:0:"";s:6:"secret";s:0:"";}}s:3:"AOL";a:1:{s:7:"enabled";b:1;}s:6:"Google";a:2:{s:7:"enabled";b:1;s:4:"keys";a:2:{s:2:"id";s:0:"";s:6:"secret";s:0:"";}}s:8:"Facebook";a:2:{s:7:"enabled";b:1;s:4:"keys";a:2:{s:2:"id";s:0:"";s:6:"secret";s:0:"";}}s:7:"Twitter";a:2:{s:7:"enabled";b:1;s:4:"keys";a:2:{s:3:"key";s:0:"";s:6:"secret";s:0:"";}}s:4:"Live";a:2:{s:7:"enabled";b:1;s:4:"keys";a:2:{s:2:"id";s:0:"";s:6:"secret";s:0:"";}}s:7:"MySpace";a:2:{s:7:"enabled";b:1;s:4:"keys";a:2:{s:3:"key";s:0:"";s:6:"secret";s:0:"";}}s:8:"LinkedIn";a:2:{s:7:"enabled";b:1;s:4:"keys";a:2:{s:3:"key";s:0:"";s:6:"secret";s:0:"";}}s:10:"Foursquare";a:2:{s:7:"enabled";b:1;s:4:"keys";a:2:{s:2:"id";s:0:"";s:6:"secret";s:0:"";}}}s:10:"debug_mode";b:1;s:10:"debug_file";s:60:"D:\xampp\htdocs\blog\Source\application\/logs/hybridauth.log";s:9:"path_base";s:70:"D:\xampp\htdocs\blog\Source\application\third_party\hybridauth\Hybrid/";s:14:"path_libraries";s:81:"D:\xampp\htdocs\blog\Source\application\third_party\hybridauth\Hybrid/thirdparty/";s:14:"path_resources";s:80:"D:\xampp\htdocs\blog\Source\application\third_party\hybridauth\Hybrid/resources/";s:14:"path_providers";s:80:"D:\xampp\htdocs\blog\Source\application\third_party\hybridauth\Hybrid/Providers/";}
DEBUG -- ::1 -- 2019-11-13T20:35:20+01:00 -- Hybrid_Auth initialize. dump current session:  -- 
INFO -- ::1 -- 2019-11-13T20:35:20+01:00 -- Hybrid_Auth initialize: check if any error is stored on the endpoint...
INFO -- ::1 -- 2019-11-13T20:35:20+01:00 -- Hybrid_Auth initialize: no error found. initialization succeed.
INFO -- ::1 -- 2019-11-13T20:35:25+01:00 -- Enter Hybrid_Auth::initialize()
INFO -- ::1 -- 2019-11-13T20:35:25+01:00 -- Hybrid_Auth::initialize(). PHP version: 7.3.10
INFO -- ::1 -- 2019-11-13T20:35:25+01:00 -- Hybrid_Auth::initialize(). Hybrid_Auth version: 2.4.0-dev
INFO -- ::1 -- 2019-11-13T20:35:25+01:00 -- Hybrid_Auth::initialize(). Hybrid_Auth called from: http://localhost/blog/Source/hauth/login/LinkedIn
INFO -- ::1 -- 2019-11-13T20:35:25+01:00 -- PHP session.name diff from default PHPSESSID. http://php.net/manual/en/session.configuration.php#ini.session.name.
DEBUG -- ::1 -- 2019-11-13T20:35:25+01:00 -- Hybrid_Auth initialize. dump used config:  -- a:8:{s:8:"base_url";s:53:"http://localhost/blog/Source/index.php/hauth/endpoint";s:9:"providers";a:10:{s:6:"OpenID";a:1:{s:7:"enabled";b:1;}s:5:"Yahoo";a:2:{s:7:"enabled";b:1;s:4:"keys";a:2:{s:2:"id";s:0:"";s:6:"secret";s:0:"";}}s:3:"AOL";a:1:{s:7:"enabled";b:1;}s:6:"Google";a:2:{s:7:"enabled";b:1;s:4:"keys";a:2:{s:2:"id";s:0:"";s:6:"secret";s:0:"";}}s:8:"Facebook";a:2:{s:7:"enabled";b:1;s:4:"keys";a:2:{s:2:"id";s:0:"";s:6:"secret";s:0:"";}}s:7:"Twitter";a:2:{s:7:"enabled";b:1;s:4:"keys";a:2:{s:3:"key";s:0:"";s:6:"secret";s:0:"";}}s:4:"Live";a:2:{s:7:"enabled";b:1;s:4:"keys";a:2:{s:2:"id";s:0:"";s:6:"secret";s:0:"";}}s:7:"MySpace";a:2:{s:7:"enabled";b:1;s:4:"keys";a:2:{s:3:"key";s:0:"";s:6:"secret";s:0:"";}}s:8:"LinkedIn";a:2:{s:7:"enabled";b:1;s:4:"keys";a:2:{s:3:"key";s:0:"";s:6:"secret";s:0:"";}}s:10:"Foursquare";a:2:{s:7:"enabled";b:1;s:4:"keys";a:2:{s:2:"id";s:0:"";s:6:"secret";s:0:"";}}}s:10:"debug_mode";b:1;s:10:"debug_file";s:60:"D:\xampp\htdocs\blog\Source\application\/logs/hybridauth.log";s:9:"path_base";s:70:"D:\xampp\htdocs\blog\Source\application\third_party\hybridauth\Hybrid/";s:14:"path_libraries";s:81:"D:\xampp\htdocs\blog\Source\application\third_party\hybridauth\Hybrid/thirdparty/";s:14:"path_resources";s:80:"D:\xampp\htdocs\blog\Source\application\third_party\hybridauth\Hybrid/resources/";s:14:"path_providers";s:80:"D:\xampp\htdocs\blog\Source\application\third_party\hybridauth\Hybrid/Providers/";}
DEBUG -- ::1 -- 2019-11-13T20:35:25+01:00 -- Hybrid_Auth initialize. dump current session:  -- 
INFO -- ::1 -- 2019-11-13T20:35:25+01:00 -- Hybrid_Auth initialize: check if any error is stored on the endpoint...
INFO -- ::1 -- 2019-11-13T20:35:25+01:00 -- Hybrid_Auth initialize: no error found. initialization succeed.
INFO -- ::1 -- 2019-11-13T20:35:25+01:00 -- Enter Hybrid_Auth::authenticate( LinkedIn )
INFO -- ::1 -- 2019-11-13T20:35:25+01:00 -- Hybrid_Auth::authenticate( LinkedIn ), User not connected to the provider. Try to authenticate..
DEBUG -- ::1 -- 2019-11-13T20:35:25+01:00 -- Enter Hybrid_Auth::setup( LinkedIn ) -- 
DEBUG -- ::1 -- 2019-11-13T20:35:25+01:00 -- Hybrid_Auth::setup( LinkedIn ), no params given. Trying to get the stored for this provider. -- 
INFO -- ::1 -- 2019-11-13T20:35:25+01:00 -- Hybrid_Auth::setup( LinkedIn ), no stored params found for this provider. Initialize a new one for new session
DEBUG -- ::1 -- 2019-11-13T20:35:25+01:00 -- Hybrid_Auth::setup( LinkedIn ). HybridAuth Callback URL set to:  -- http://localhost/blog/Source/hauth/login/LinkedIn
INFO -- ::1 -- 2019-11-13T20:35:25+01:00 -- Enter Hybrid_Provider_Adapter::factory( LinkedIn )
INFO -- ::1 -- 2019-11-13T20:35:33+01:00 -- Enter Hybrid_Auth::initialize()
INFO -- ::1 -- 2019-11-13T20:35:33+01:00 -- Hybrid_Auth::initialize(). PHP version: 7.3.10
INFO -- ::1 -- 2019-11-13T20:35:33+01:00 -- Hybrid_Auth::initialize(). Hybrid_Auth version: 2.4.0-dev
INFO -- ::1 -- 2019-11-13T20:35:33+01:00 -- Hybrid_Auth::initialize(). Hybrid_Auth called from: http://localhost/blog/Source/hAuth
INFO -- ::1 -- 2019-11-13T20:35:33+01:00 -- PHP session.name diff from default PHPSESSID. http://php.net/manual/en/session.configuration.php#ini.session.name.
DEBUG -- ::1 -- 2019-11-13T20:35:33+01:00 -- Hybrid_Auth initialize. dump used config:  -- a:8:{s:8:"base_url";s:53:"http://localhost/blog/Source/index.php/hauth/endpoint";s:9:"providers";a:10:{s:6:"OpenID";a:1:{s:7:"enabled";b:1;}s:5:"Yahoo";a:2:{s:7:"enabled";b:1;s:4:"keys";a:2:{s:2:"id";s:0:"";s:6:"secret";s:0:"";}}s:3:"AOL";a:1:{s:7:"enabled";b:1;}s:6:"Google";a:2:{s:7:"enabled";b:1;s:4:"keys";a:2:{s:2:"id";s:0:"";s:6:"secret";s:0:"";}}s:8:"Facebook";a:2:{s:7:"enabled";b:1;s:4:"keys";a:2:{s:2:"id";s:0:"";s:6:"secret";s:0:"";}}s:7:"Twitter";a:2:{s:7:"enabled";b:1;s:4:"keys";a:2:{s:3:"key";s:0:"";s:6:"secret";s:0:"";}}s:4:"Live";a:2:{s:7:"enabled";b:1;s:4:"keys";a:2:{s:2:"id";s:0:"";s:6:"secret";s:0:"";}}s:7:"MySpace";a:2:{s:7:"enabled";b:1;s:4:"keys";a:2:{s:3:"key";s:0:"";s:6:"secret";s:0:"";}}s:8:"LinkedIn";a:2:{s:7:"enabled";b:1;s:4:"keys";a:2:{s:3:"key";s:0:"";s:6:"secret";s:0:"";}}s:10:"Foursquare";a:2:{s:7:"enabled";b:1;s:4:"keys";a:2:{s:2:"id";s:0:"";s:6:"secret";s:0:"";}}}s:10:"debug_mode";b:1;s:10:"debug_file";s:60:"D:\xampp\htdocs\blog\Source\application\/logs/hybridauth.log";s:9:"path_base";s:70:"D:\xampp\htdocs\blog\Source\application\third_party\hybridauth\Hybrid/";s:14:"path_libraries";s:81:"D:\xampp\htdocs\blog\Source\application\third_party\hybridauth\Hybrid/thirdparty/";s:14:"path_resources";s:80:"D:\xampp\htdocs\blog\Source\application\third_party\hybridauth\Hybrid/resources/";s:14:"path_providers";s:80:"D:\xampp\htdocs\blog\Source\application\third_party\hybridauth\Hybrid/Providers/";}
DEBUG -- ::1 -- 2019-11-13T20:35:33+01:00 -- Hybrid_Auth initialize. dump current session:  -- 
INFO -- ::1 -- 2019-11-13T20:35:33+01:00 -- Hybrid_Auth initialize: check if any error is stored on the endpoint...
INFO -- ::1 -- 2019-11-13T20:35:33+01:00 -- Hybrid_Auth initialize: no error found. initialization succeed.
